Analysis & Synthesis report for TTL_VGA
Fri Jun 03 22:01:22 2022
Quartus Prime Version 20.1.0 Build 711 06/05/2020 SJ Lite Edition


---------------------
; Table of Contents ;
---------------------
  1. Legal Notice
  2. Analysis & Synthesis Summary
  3. Analysis & Synthesis Settings
  4. Parallel Compilation
  5. Analysis & Synthesis Source Files Read
  6. Analysis & Synthesis Resource Usage Summary
  7. Analysis & Synthesis Resource Utilization by Entity
  8. General Register Statistics
  9. Parameter Settings for User Entity Instance: video_driver:v1
 10. Parameter Settings for User Entity Instance: video_driver:v1|altera_up_avalon_video_vga_timing:video
 11. Port Connectivity Checks: "video_driver:v1|altera_up_avalon_video_vga_timing:video"
 12. Port Connectivity Checks: "video_driver:v1"
 13. Post-Synthesis Netlist Statistics for Top Partition
 14. Elapsed Time Per Partition
 15. Analysis & Synthesis Messages
 16. Analysis & Synthesis Suppressed Messages



----------------
; Legal Notice ;
----------------
Copyright (C) 2020  Intel Corporation. All rights reserved.
Your use of Intel Corporation's design tools, logic functions 
and other software and tools, and any partner logic 
functions, and any output files from any of the foregoing 
(including device programming or simulation files), and any 
associated documentation or information are expressly subject 
to the terms and conditions of the Intel Program License 
Subscription Agreement, the Intel Quartus Prime License Agreement,
the Intel FPGA IP License Agreement, or other applicable license
agreement, including, without limitation, that your use is for
the sole purpose of programming logic devices manufactured by
Intel and sold by Intel or its authorized distributors.  Please
refer to the applicable agreement for further details, at
https://fpgasoftware.intel.com/eula.



+-------------------------------------------------------------------------------+
; Analysis & Synthesis Summary                                                  ;
+---------------------------------+---------------------------------------------+
; Analysis & Synthesis Status     ; Successful - Fri Jun 03 22:01:22 2022       ;
; Quartus Prime Version           ; 20.1.0 Build 711 06/05/2020 SJ Lite Edition ;
; Revision Name                   ; TTL_VGA                                     ;
; Top-level Entity Name           ; TTL_VGA                                     ;
; Family                          ; Cyclone V                                   ;
; Logic utilization (in ALMs)     ; N/A                                         ;
; Total registers                 ; 24                                          ;
; Total pins                      ; 66                                          ;
; Total virtual pins              ; 0                                           ;
; Total block memory bits         ; 0                                           ;
; Total DSP Blocks                ; 0                                           ;
; Total HSSI RX PCSs              ; 0                                           ;
; Total HSSI PMA RX Deserializers ; 0                                           ;
; Total HSSI TX PCSs              ; 0                                           ;
; Total HSSI PMA TX Serializers   ; 0                                           ;
; Total PLLs                      ; 0                                           ;
; Total DLLs                      ; 0                                           ;
+---------------------------------+---------------------------------------------+


+---------------------------------------------------------------------------------------------------------------------------+
; Analysis & Synthesis Settings                                                                                             ;
+---------------------------------------------------------------------------------+--------------------+--------------------+
; Option                                                                          ; Setting            ; Default Value      ;
+---------------------------------------------------------------------------------+--------------------+--------------------+
; Device                                                                          ; 5CSEMA5F31C6       ;                    ;
; Top-level entity name                                                           ; TTL_VGA            ; TTL_VGA            ;
; Family name                                                                     ; Cyclone V          ; Cyclone V          ;
; Use smart compilation                                                           ; Off                ; Off                ;
; Enable parallel Assembler and Timing Analyzer during compilation                ; On                 ; On                 ;
; Enable compact report table                                                     ; Off                ; Off                ;
; Restructure Multiplexers                                                        ; Auto               ; Auto               ;
; MLAB Add Timing Constraints For Mixed-Port Feed-Through Mode Setting Don't Care ; Off                ; Off                ;
; Create Debugging Nodes for IP Cores                                             ; Off                ; Off                ;
; Preserve fewer node names                                                       ; On                 ; On                 ;
; Intel FPGA IP Evaluation Mode                                                   ; Enable             ; Enable             ;
; Verilog Version                                                                 ; Verilog_2001       ; Verilog_2001       ;
; VHDL Version                                                                    ; VHDL_1993          ; VHDL_1993          ;
; State Machine Processing                                                        ; Auto               ; Auto               ;
; Safe State Machine                                                              ; Off                ; Off                ;
; Extract Verilog State Machines                                                  ; On                 ; On                 ;
; Extract VHDL State Machines                                                     ; On                 ; On                 ;
; Ignore Verilog initial constructs                                               ; Off                ; Off                ;
; Iteration limit for constant Verilog loops                                      ; 5000               ; 5000               ;
; Iteration limit for non-constant Verilog loops                                  ; 250                ; 250                ;
; Add Pass-Through Logic to Inferred RAMs                                         ; On                 ; On                 ;
; Infer RAMs from Raw Logic                                                       ; On                 ; On                 ;
; Parallel Synthesis                                                              ; On                 ; On                 ;
; DSP Block Balancing                                                             ; Auto               ; Auto               ;
; NOT Gate Push-Back                                                              ; On                 ; On                 ;
; Power-Up Don't Care                                                             ; On                 ; On                 ;
; Remove Redundant Logic Cells                                                    ; Off                ; Off                ;
; Remove Duplicate Registers                                                      ; On                 ; On                 ;
; Ignore CARRY Buffers                                                            ; Off                ; Off                ;
; Ignore CASCADE Buffers                                                          ; Off                ; Off                ;
; Ignore GLOBAL Buffers                                                           ; Off                ; Off                ;
; Ignore ROW GLOBAL Buffers                                                       ; Off                ; Off                ;
; Ignore LCELL Buffers                                                            ; Off                ; Off                ;
; Ignore SOFT Buffers                                                             ; On                 ; On                 ;
; Limit AHDL Integers to 32 Bits                                                  ; Off                ; Off                ;
; Optimization Technique                                                          ; Balanced           ; Balanced           ;
; Carry Chain Length                                                              ; 70                 ; 70                 ;
; Auto Carry Chains                                                               ; On                 ; On                 ;
; Auto Open-Drain Pins                                                            ; On                 ; On                 ;
; Perform WYSIWYG Primitive Resynthesis                                           ; Off                ; Off                ;
; Auto ROM Replacement                                                            ; On                 ; On                 ;
; Auto RAM Replacement                                                            ; On                 ; On                 ;
; Auto DSP Block Replacement                                                      ; On                 ; On                 ;
; Auto Shift Register Replacement                                                 ; Auto               ; Auto               ;
; Allow Shift Register Merging across Hierarchies                                 ; Auto               ; Auto               ;
; Auto Clock Enable Replacement                                                   ; On                 ; On                 ;
; Strict RAM Replacement                                                          ; Off                ; Off                ;
; Allow Synchronous Control Signals                                               ; On                 ; On                 ;
; Force Use of Synchronous Clear Signals                                          ; Off                ; Off                ;
; Auto Resource Sharing                                                           ; Off                ; Off                ;
; Allow Any RAM Size For Recognition                                              ; Off                ; Off                ;
; Allow Any ROM Size For Recognition                                              ; Off                ; Off                ;
; Allow Any Shift Register Size For Recognition                                   ; Off                ; Off                ;
; Use LogicLock Constraints during Resource Balancing                             ; On                 ; On                 ;
; Ignore translate_off and synthesis_off directives                               ; Off                ; Off                ;
; Timing-Driven Synthesis                                                         ; On                 ; On                 ;
; Report Parameter Settings                                                       ; On                 ; On                 ;
; Report Source Assignments                                                       ; On                 ; On                 ;
; Report Connectivity Checks                                                      ; On                 ; On                 ;
; Ignore Maximum Fan-Out Assignments                                              ; Off                ; Off                ;
; Synchronization Register Chain Length                                           ; 3                  ; 3                  ;
; Power Optimization During Synthesis                                             ; Normal compilation ; Normal compilation ;
; HDL message level                                                               ; Level2             ; Level2             ;
; Suppress Register Optimization Related Messages                                 ; Off                ; Off                ;
; Number of Removed Registers Reported in Synthesis Report                        ; 5000               ; 5000               ;
; Number of Swept Nodes Reported in Synthesis Report                              ; 5000               ; 5000               ;
; Number of Inverted Registers Reported in Synthesis Report                       ; 100                ; 100                ;
; Clock MUX Protection                                                            ; On                 ; On                 ;
; Auto Gated Clock Conversion                                                     ; Off                ; Off                ;
; Block Design Naming                                                             ; Auto               ; Auto               ;
; SDC constraint protection                                                       ; Off                ; Off                ;
; Synthesis Effort                                                                ; Auto               ; Auto               ;
; Shift Register Replacement - Allow Asynchronous Clear Signal                    ; On                 ; On                 ;
; Pre-Mapping Resynthesis Optimization                                            ; Off                ; Off                ;
; Analysis & Synthesis Message Level                                              ; Medium             ; Medium             ;
; Disable Register Merging Across Hierarchies                                     ; Auto               ; Auto               ;
; Resource Aware Inference For Block RAM                                          ; On                 ; On                 ;
; Automatic Parallel Synthesis                                                    ; On                 ; On                 ;
; Partial Reconfiguration Bitstream ID                                            ; Off                ; Off                ;
+---------------------------------------------------------------------------------+--------------------+--------------------+


+------------------------------------------+
; Parallel Compilation                     ;
+----------------------------+-------------+
; Processors                 ; Number      ;
+----------------------------+-------------+
; Number detected on machine ; 12          ;
; Maximum allowed            ; 12          ;
;                            ;             ;
; Average used               ; 1.00        ;
; Maximum used               ; 12          ;
;                            ;             ;
; Usage by Processor         ; % Time Used ;
;     Processor 1            ; 100.0%      ;
;     Processors 2-12        ;   0.0%      ;
+----------------------------+-------------+


+-------------------------------------------------------------------------------------------------------------------------------------------------------------------+
; Analysis & Synthesis Source Files Read                                                                                                                            ;
+-------------------------------------+-----------------+------------------------------+------------------------------------------------------------------+---------+
; File Name with User-Entered Path    ; Used in Netlist ; File Type                    ; File Name with Absolute Path                                     ; Library ;
+-------------------------------------+-----------------+------------------------------+------------------------------------------------------------------+---------+
; video_driver.sv                     ; yes             ; User SystemVerilog HDL File  ; C:/Users/Dan/Desktop/TTL_VGA/video_driver.sv                     ;         ;
; altera_up_avalon_video_vga_timing.v ; yes             ; User Verilog HDL File        ; C:/Users/Dan/Desktop/TTL_VGA/altera_up_avalon_video_vga_timing.v ;         ;
; TTL_VGA.sv                          ; yes             ; User SystemVerilog HDL File  ; C:/Users/Dan/Desktop/TTL_VGA/TTL_VGA.sv                          ;         ;
+-------------------------------------+-----------------+------------------------------+------------------------------------------------------------------+---------+


+---------------------------------------------------------------+
; Analysis & Synthesis Resource Usage Summary                   ;
+---------------------------------------------+-----------------+
; Resource                                    ; Usage           ;
+---------------------------------------------+-----------------+
; Estimate of Logic utilization (ALMs needed) ; 18              ;
;                                             ;                 ;
; Combinational ALUT usage for logic          ; 31              ;
;     -- 7 input functions                    ; 0               ;
;     -- 6 input functions                    ; 4               ;
;     -- 5 input functions                    ; 4               ;
;     -- 4 input functions                    ; 1               ;
;     -- <=3 input functions                  ; 22              ;
;                                             ;                 ;
; Dedicated logic registers                   ; 24              ;
;                                             ;                 ;
; I/O pins                                    ; 66              ;
;                                             ;                 ;
; Total DSP Blocks                            ; 0               ;
;                                             ;                 ;
; Maximum fan-out node                        ; GPIO_0[6]~input ;
; Maximum fan-out                             ; 25              ;
; Total fan-out                               ; 261             ;
; Average fan-out                             ; 1.40            ;
+---------------------------------------------+-----------------+


+--------------------------------------------------------------------------------------------------------------------------------------------------------------------------------------------------------------------------------------------------------------------------------+
; Analysis & Synthesis Resource Utilization by Entity                                                                                                                                                                                                                            ;
+-------------------------------------------------+---------------------+---------------------------+-------------------+------------+------+--------------+------------------------------------------------------------------+-----------------------------------+--------------+
; Compilation Hierarchy Node                      ; Combinational ALUTs ; Dedicated Logic Registers ; Block Memory Bits ; DSP Blocks ; Pins ; Virtual Pins ; Full Hierarchy Name                                              ; Entity Name                       ; Library Name ;
+-------------------------------------------------+---------------------+---------------------------+-------------------+------------+------+--------------+------------------------------------------------------------------+-----------------------------------+--------------+
; |TTL_VGA                                        ; 31 (0)              ; 24 (0)                    ; 0                 ; 0          ; 66   ; 0            ; |TTL_VGA                                                         ; TTL_VGA                           ; work         ;
;    |video_driver:v1|                            ; 31 (0)              ; 24 (0)                    ; 0                 ; 0          ; 0    ; 0            ; |TTL_VGA|video_driver:v1                                         ; video_driver                      ; work         ;
;       |altera_up_avalon_video_vga_timing:video| ; 31 (31)             ; 24 (24)                   ; 0                 ; 0          ; 0    ; 0            ; |TTL_VGA|video_driver:v1|altera_up_avalon_video_vga_timing:video ; altera_up_avalon_video_vga_timing ; work         ;
+-------------------------------------------------+---------------------+---------------------------+-------------------+------------+------+--------------+------------------------------------------------------------------+-----------------------------------+--------------+
Note: For table entries with two numbers listed, the numbers in parentheses indicate the number of resources of the given type used by the specific entity alone. The numbers listed outside of parentheses indicate the total resources of the given type used by the specific entity and all of its sub-entities in the hierarchy.


+------------------------------------------------------+
; General Register Statistics                          ;
+----------------------------------------------+-------+
; Statistic                                    ; Value ;
+----------------------------------------------+-------+
; Total registers                              ; 24    ;
; Number of registers using Synchronous Clear  ; 20    ;
; Number of registers using Synchronous Load   ; 0     ;
; Number of registers using Asynchronous Clear ; 0     ;
; Number of registers using Asynchronous Load  ; 0     ;
; Number of registers using Clock Enable       ; 10    ;
; Number of registers using Preset             ; 0     ;
+----------------------------------------------+-------+


+--------------------------------------------------------------+
; Parameter Settings for User Entity Instance: video_driver:v1 ;
+----------------+-------+-------------------------------------+
; Parameter Name ; Value ; Type                                ;
+----------------+-------+-------------------------------------+
; WIDTH          ; 640   ; Signed Integer                      ;
; HEIGHT         ; 480   ; Signed Integer                      ;
+----------------+-------+-------------------------------------+
Note: In order to hide this table in the UI and the text report file, please set the "Show Parameter Settings in Synthesis Report" option in "Analysis and Synthesis Settings -> More Settings" to "Off".


+------------------------------------------------------------------------------------------------------+
; Parameter Settings for User Entity Instance: video_driver:v1|altera_up_avalon_video_vga_timing:video ;
+-------------------------+------------+---------------------------------------------------------------+
; Parameter Name          ; Value      ; Type                                                          ;
+-------------------------+------------+---------------------------------------------------------------+
; CW                      ; 9          ; Signed Integer                                                ;
; H_ACTIVE                ; 640        ; Signed Integer                                                ;
; H_FRONT_PORCH           ; 16         ; Signed Integer                                                ;
; H_SYNC                  ; 96         ; Signed Integer                                                ;
; H_BACK_PORCH            ; 48         ; Signed Integer                                                ;
; H_TOTAL                 ; 800        ; Signed Integer                                                ;
; V_ACTIVE                ; 480        ; Signed Integer                                                ;
; V_FRONT_PORCH           ; 10         ; Signed Integer                                                ;
; V_SYNC                  ; 2          ; Signed Integer                                                ;
; V_BACK_PORCH            ; 33         ; Signed Integer                                                ;
; V_TOTAL                 ; 525        ; Signed Integer                                                ;
; PW                      ; 10         ; Signed Integer                                                ;
; PIXEL_COUNTER_INCREMENT ; 0000000001 ; Unsigned Binary                                               ;
; LW                      ; 10         ; Signed Integer                                                ;
; LINE_COUNTER_INCREMENT  ; 0000000001 ; Unsigned Binary                                               ;
+-------------------------+------------+---------------------------------------------------------------+
Note: In order to hide this table in the UI and the text report file, please set the "Show Parameter Settings in Synthesis Report" option in "Analysis and Synthesis Settings -> More Settings" to "Off".


+--------------------------------------------------------------------------------------------------------------------------------------+
; Port Connectivity Checks: "video_driver:v1|altera_up_avalon_video_vga_timing:video"                                                  ;
+----------------------------+--------+----------+-------------------------------------------------------------------------------------+
; Port                       ; Type   ; Severity ; Details                                                                             ;
+----------------------------+--------+----------+-------------------------------------------------------------------------------------+
; red_to_vga_display[1..0]   ; Input  ; Info     ; Stuck at GND                                                                        ;
; green_to_vga_display[1..0] ; Input  ; Info     ; Stuck at GND                                                                        ;
; blue_to_vga_display[1..0]  ; Input  ; Info     ; Stuck at GND                                                                        ;
; color_select               ; Input  ; Info     ; Stuck at VCC                                                                        ;
; end_of_frame               ; Output ; Info     ; Connected to dangling logic. Logic that only feeds a dangling port will be removed. ;
; vga_c_sync                 ; Output ; Info     ; Connected to dangling logic. Logic that only feeds a dangling port will be removed. ;
; vga_data_enable            ; Output ; Info     ; Connected to dangling logic. Logic that only feeds a dangling port will be removed. ;
; vga_red[9..8]              ; Output ; Info     ; Connected to dangling logic. Logic that only feeds a dangling port will be removed. ;
; vga_green[9..8]            ; Output ; Info     ; Connected to dangling logic. Logic that only feeds a dangling port will be removed. ;
; vga_blue[9..8]             ; Output ; Info     ; Connected to dangling logic. Logic that only feeds a dangling port will be removed. ;
; vga_color_data             ; Output ; Info     ; Explicitly unconnected                                                              ;
+----------------------------+--------+----------+-------------------------------------------------------------------------------------+


+-----------------------------------------------------------------------------------------------------------------+
; Port Connectivity Checks: "video_driver:v1"                                                                     ;
+-------+--------+----------+-------------------------------------------------------------------------------------+
; Port  ; Type   ; Severity ; Details                                                                             ;
+-------+--------+----------+-------------------------------------------------------------------------------------+
; reset ; Input  ; Info     ; Stuck at GND                                                                        ;
; x     ; Output ; Info     ; Connected to dangling logic. Logic that only feeds a dangling port will be removed. ;
; y     ; Output ; Info     ; Connected to dangling logic. Logic that only feeds a dangling port will be removed. ;
; r     ; Input  ; Info     ; Stuck at GND                                                                        ;
; g     ; Input  ; Info     ; Stuck at GND                                                                        ;
; b     ; Input  ; Info     ; Stuck at GND                                                                        ;
; R     ; Output ; Info     ; Connected to dangling logic. Logic that only feeds a dangling port will be removed. ;
; G     ; Output ; Info     ; Connected to dangling logic. Logic that only feeds a dangling port will be removed. ;
; B     ; Output ; Info     ; Connected to dangling logic. Logic that only feeds a dangling port will be removed. ;
; HS    ; Output ; Info     ; Connected to dangling logic. Logic that only feeds a dangling port will be removed. ;
; VS    ; Output ; Info     ; Connected to dangling logic. Logic that only feeds a dangling port will be removed. ;
+-------+--------+----------+-------------------------------------------------------------------------------------+


+-----------------------------------------------------+
; Post-Synthesis Netlist Statistics for Top Partition ;
+-----------------------+-----------------------------+
; Type                  ; Count                       ;
+-----------------------+-----------------------------+
; arriav_ff             ; 24                          ;
;     ENA SCLR          ; 10                          ;
;     SCLR              ; 10                          ;
;     plain             ; 4                           ;
; arriav_lcell_comb     ; 32                          ;
;     arith             ; 20                          ;
;         1 data inputs ; 20                          ;
;     normal            ; 12                          ;
;         0 data inputs ; 1                           ;
;         1 data inputs ; 1                           ;
;         2 data inputs ; 1                           ;
;         4 data inputs ; 1                           ;
;         5 data inputs ; 4                           ;
;         6 data inputs ; 4                           ;
; boundary_port         ; 66                          ;
;                       ;                             ;
; Max LUT depth         ; 3.00                        ;
; Average LUT depth     ; 1.41                        ;
+-----------------------+-----------------------------+


+-------------------------------+
; Elapsed Time Per Partition    ;
+----------------+--------------+
; Partition Name ; Elapsed Time ;
+----------------+--------------+
; Top            ; 00:00:00     ;
+----------------+--------------+


+-------------------------------+
; Analysis & Synthesis Messages ;
+-------------------------------+
Info: *******************************************************************
Info: Running Quartus Prime Analysis & Synthesis
    Info: Version 20.1.0 Build 711 06/05/2020 SJ Lite Edition
    Info: Processing started: Fri Jun 03 22:01:13 2022
Info: Command: quartus_map --read_settings_files=on --write_settings_files=off TTL_VGA -c TTL_VGA
Warning (18236): Number of processors has not been specified which may cause overloading on shared machines.  Set the global assignment NUM_PARALLEL_PROCESSORS in your QSF to an appropriate value for best performance.
Info (20030): Parallel compilation is enabled and will use 12 of the 12 processors detected
Info (12021): Found 1 design units, including 1 entities, in source file video_driver.sv
    Info (12023): Found entity 1: video_driver File: C:/Users/Dan/Desktop/TTL_VGA/video_driver.sv Line: 1
Info (12021): Found 1 design units, including 1 entities, in source file altera_up_avalon_video_vga_timing.v
    Info (12023): Found entity 1: altera_up_avalon_video_vga_timing File: C:/Users/Dan/Desktop/TTL_VGA/altera_up_avalon_video_vga_timing.v Line: 47
Info (12021): Found 1 design units, including 1 entities, in source file ttl_vga.sv
    Info (12023): Found entity 1: TTL_VGA File: C:/Users/Dan/Desktop/TTL_VGA/TTL_VGA.sv Line: 1
Info (12127): Elaborating entity "TTL_VGA" for the top level hierarchy
Warning (10030): Net "r" at TTL_VGA.sv(18) has no driver or initial value, using a default initial value '0' File: C:/Users/Dan/Desktop/TTL_VGA/TTL_VGA.sv Line: 18
Warning (10030): Net "g" at TTL_VGA.sv(18) has no driver or initial value, using a default initial value '0' File: C:/Users/Dan/Desktop/TTL_VGA/TTL_VGA.sv Line: 18
Warning (10030): Net "b" at TTL_VGA.sv(18) has no driver or initial value, using a default initial value '0' File: C:/Users/Dan/Desktop/TTL_VGA/TTL_VGA.sv Line: 18
Warning (10030): Net "reset" at TTL_VGA.sv(15) has no driver or initial value, using a default initial value '0' File: C:/Users/Dan/Desktop/TTL_VGA/TTL_VGA.sv Line: 15
Info (12128): Elaborating entity "video_driver" for hierarchy "video_driver:v1" File: C:/Users/Dan/Desktop/TTL_VGA/TTL_VGA.sv Line: 61
Info (12128): Elaborating entity "altera_up_avalon_video_vga_timing" for hierarchy "video_driver:v1|altera_up_avalon_video_vga_timing:video" File: C:/Users/Dan/Desktop/TTL_VGA/video_driver.sv Line: 141
Warning (13024): Output pins are stuck at VCC or GND
    Warning (13410): Pin "VGA_SYNC_N" is stuck at GND File: C:/Users/Dan/Desktop/TTL_VGA/TTL_VGA.sv Line: 12
Info (286030): Timing-Driven Synthesis is running
Warning (20013): Ignored 24 assignments for entity "VGA_P" -- entity does not exist in design
    Warning (20014): Assignment for entity set_instance_assignment -name PARTITION_HIERARCHY root_partition -to | -entity VGA_P -section_id Top was ignored
    Warning (20014): Assignment for entity set_global_assignment -name PARTITION_NETLIST_TYPE SOURCE -entity VGA_P -section_id Top was ignored
    Warning (20014): Assignment for entity set_global_assignment -name PARTITION_FITTER_PRESERVATION_LEVEL PLACEMENT_AND_ROUTING -entity VGA_P -section_id Top was ignored
    Warning (20014): Assignment for entity set_global_assignment -name PARTITION_PRESERVE_HIGH_SPEED_TILES ON -entity VGA_P -section_id Top was ignored
    Warning (20014): Assignment for entity set_global_assignment -name PARTITION_IGNORE_SOURCE_FILE_CHANGES OFF -entity VGA_P -section_id Top was ignored
    Warning (20014): Assignment for entity set_global_assignment -name PARTITION_ALWAYS_USE_QXP_NETLIST OFF -entity VGA_P -section_id Top was ignored
    Warning (20014): Assignment for entity set_global_assignment -name PARTITION_COLOR 16764057 -entity VGA_P -section_id Top was ignored
    Warning (20014): Assignment for entity set_global_assignment -name PARTITION_IMPORT_ASSIGNMENTS ON -entity VGA_P -section_id Top was ignored
    Warning (20014): Assignment for entity set_global_assignment -name PARTITION_IMPORT_EXISTING_ASSIGNMENTS REPLACE_CONFLICTING -entity VGA_P -section_id Top was ignored
    Warning (20014): Assignment for entity set_global_assignment -name PARTITION_IMPORT_EXISTING_LOGICLOCK_REGIONS UPDATE_CONFLICTING -entity VGA_P -section_id Top was ignored
    Warning (20014): Assignment for entity set_global_assignment -name PARTITION_IMPORT_PIN_ASSIGNMENTS ON -entity VGA_P -section_id Top was ignored
    Warning (20014): Assignment for entity set_global_assignment -name PARTITION_IMPORT_PROMOTE_ASSIGNMENTS ON -entity VGA_P -section_id Top was ignored
    Warning (20014): Assignment for entity set_global_assignment -name PARTITION_TYPE STANDARD_PARTITION -entity VGA_P -section_id Top was ignored
    Warning (20014): Assignment for entity set_global_assignment -name ALLOW_MULTIPLE_PERSONAS OFF -entity VGA_P -section_id Top was ignored
    Warning (20014): Assignment for entity set_global_assignment -name PARTITION_ASD_REGION_ID 1 -entity VGA_P -section_id Top was ignored
    Warning (20014): Assignment for entity set_global_assignment -name CROSS_BOUNDARY_OPTIMIZATIONS OFF -entity VGA_P -section_id Top was ignored
    Warning (20014): Assignment for entity set_global_assignment -name PROPAGATE_CONSTANTS_ON_INPUTS ON -entity VGA_P -section_id Top was ignored
    Warning (20014): Assignment for entity set_global_assignment -name PROPAGATE_INVERSIONS_ON_INPUTS ON -entity VGA_P -section_id Top was ignored
    Warning (20014): Assignment for entity set_global_assignment -name REMOVE_LOGIC_ON_UNCONNECTED_OUTPUTS ON -entity VGA_P -section_id Top was ignored
    Warning (20014): Assignment for entity set_global_assignment -name MERGE_EQUIVALENT_INPUTS ON -entity VGA_P -section_id Top was ignored
    Warning (20014): Assignment for entity set_global_assignment -name MERGE_EQUIVALENT_BIDIRS ON -entity VGA_P -section_id Top was ignored
    Warning (20014): Assignment for entity set_global_assignment -name ABSORB_PATHS_FROM_OUTPUTS_TO_INPUTS ON -entity VGA_P -section_id Top was ignored
    Warning (20014): Assignment for entity set_global_assignment -name PARTITION_EXTRACT_HARD_BLOCK_NODES ON -entity VGA_P -section_id Top was ignored
    Warning (20014): Assignment for entity set_global_assignment -name PARTITION_ENABLE_STRICT_PRESERVATION OFF -entity VGA_P -section_id Top was ignored
Info (144001): Generated suppressed messages file C:/Users/Dan/Desktop/TTL_VGA/output_files/TTL_VGA.map.smsg
Info (16010): Generating hard_block partition "hard_block:auto_generated_inst"
    Info (16011): Adding 0 node(s), including 0 DDIO, 0 PLL, 0 transceiver and 0 LCELL
Warning (21074): Design contains 10 input pin(s) that do not drive logic
    Warning (15610): No output dependent on input pin "CLOCK_50" File: C:/Users/Dan/Desktop/TTL_VGA/TTL_VGA.sv Line: 4
    Warning (15610): No output dependent on input pin "GPIO_0[0]" File: C:/Users/Dan/Desktop/TTL_VGA/TTL_VGA.sv Line: 5
    Warning (15610): No output dependent on input pin "GPIO_0[1]" File: C:/Users/Dan/Desktop/TTL_VGA/TTL_VGA.sv Line: 5
    Warning (15610): No output dependent on input pin "GPIO_0[2]" File: C:/Users/Dan/Desktop/TTL_VGA/TTL_VGA.sv Line: 5
    Warning (15610): No output dependent on input pin "GPIO_0[5]" File: C:/Users/Dan/Desktop/TTL_VGA/TTL_VGA.sv Line: 5
    Warning (15610): No output dependent on input pin "GPIO_0[7]" File: C:/Users/Dan/Desktop/TTL_VGA/TTL_VGA.sv Line: 5
    Warning (15610): No output dependent on input pin "GPIO_0[32]" File: C:/Users/Dan/Desktop/TTL_VGA/TTL_VGA.sv Line: 5
    Warning (15610): No output dependent on input pin "GPIO_0[33]" File: C:/Users/Dan/Desktop/TTL_VGA/TTL_VGA.sv Line: 5
    Warning (15610): No output dependent on input pin "GPIO_0[34]" File: C:/Users/Dan/Desktop/TTL_VGA/TTL_VGA.sv Line: 5
    Warning (15610): No output dependent on input pin "GPIO_0[35]" File: C:/Users/Dan/Desktop/TTL_VGA/TTL_VGA.sv Line: 5
Info (21057): Implemented 97 device resources after synthesis - the final resource count might be different
    Info (21058): Implemented 37 input pins
    Info (21059): Implemented 29 output pins
    Info (21061): Implemented 31 logic cells
Info: Quartus Prime Analysis & Synthesis was successful. 0 errors, 43 warnings
    Info: Peak virtual memory: 4857 megabytes
    Info: Processing ended: Fri Jun 03 22:01:22 2022
    Info: Elapsed time: 00:00:09
    Info: Total CPU time (on all processors): 00:00:21


+------------------------------------------+
; Analysis & Synthesis Suppressed Messages ;
+------------------------------------------+
The suppressed messages can be found in C:/Users/Dan/Desktop/TTL_VGA/output_files/TTL_VGA.map.smsg.


